Performing Curl Test HAVE_FCNTL_O_NONBLOCK failed with the following output:
Change Dir: 'C:/Study/OP/Project_OP_6/labwork6-BEE-kg/build/CMakeFiles/CMakeTmp'

Run Build Command(s): "C:/Program Files/CMake/bin/cmake.exe" -E env VERBOSE=1 C:/msys64/ucrt64/bin/mingw32-make.exe -f Makefile cmTC_062b4/fast
C:/msys64/ucrt64/bin/mingw32-make.exe  -f CMakeFiles\cmTC_062b4.dir\build.make CMakeFiles/cmTC_062b4.dir/build
mingw32-make[1]: Entering directory 'C:/Study/OP/Project_OP_6/labwork6-BEE-kg/build/CMakeFiles/CMakeTmp'
Building C object CMakeFiles/cmTC_062b4.dir/CurlTests.c.obj
C:\msys64\ucrt64\bin\gcc.exe   -pedantic -Wall -W -Wpointer-arith -Wwrite-strings -Wunused -Wshadow -Winline -Wnested-externs -Wmissing-declarations -Wmissing-prototypes -Wfloat-equal -Wsign-compare -Wundef -Wendif-labels -Wstrict-prototypes -Wdeclaration-after-statement -Wstrict-aliasing=3 -Wcast-align -Wtype-limits -Wold-style-declaration -Wmissing-parameter-type -Wempty-body -Wclobbered -Wignored-qualifiers -Wconversion -Wvla -Wdouble-promotion -Wno-long-long -Wno-multichar -Wno-format-nonliteral -Wno-sign-conversion -Wno-system-headers -Wno-pedantic-ms-format -DHAVE_FCNTL_O_NONBLOCK  -DHAVE_WINDOWS_H -DHAVE_WS2TCPIP_H -DHAVE_WINSOCK2_H -DHAVE_WINCRYPT_H -DHAVE_STDIO_H -DHAVE_SYS_STAT_H -DHAVE_SYS_TYPES_H -DHAVE_SYS_UTIME_H -DHAVE_ASSERT_H -DHAVE_ERRNO_H -DHAVE_FCNTL_H -DHAVE_IO_H -DHAVE_LIBGEN_H -DHAVE_LOCALE_H -DHAVE_SETJMP_H -DHAVE_SIGNAL_H -DHAVE_STDBOOL_H -DHAVE_STDIO_H -DHAVE_STDLIB_H -DHAVE_STRING_H -DHAVE_TIME_H -DHAVE_PROCESS_H -DHAVE_STDDEF_H -DHAVE_MALLOC_H -DHAVE_MEMORY_H -o CMakeFiles\cmTC_062b4.dir\CurlTests.c.obj -c C:\Study\OP\Project_OP_6\labwork6-BEE-kg\build\_deps\curl-src\CMake\CurlTests.c
C:\Study\OP\Project_OP_6\labwork6-BEE-kg\build\_deps\curl-src\CMake\CurlTests.c:64:1: warning: function declaration isn't a prototype [-Wstrict-prototypes]
   64 | main ()
      | ^~~~
C:\Study\OP\Project_OP_6\labwork6-BEE-kg\build\_deps\curl-src\CMake\CurlTests.c: In function 'main':
C:\Study\OP\Project_OP_6\labwork6-BEE-kg\build\_deps\curl-src\CMake\CurlTests.c:68:15: warning: implicit declaration of function 'fcntl' [-Wimplicit-function-declaration]
   68 |       if(0 != fcntl(0, F_SETFL, flags | O_NONBLOCK))
      |               ^~~~~
C:\Study\OP\Project_OP_6\labwork6-BEE-kg\build\_deps\curl-src\CMake\CurlTests.c:68:15: warning: nested extern declaration of 'fcntl' [-Wnested-externs]
C:\Study\OP\Project_OP_6\labwork6-BEE-kg\build\_deps\curl-src\CMake\CurlTests.c:68:24: error: 'F_SETFL' undeclared (first use in this function)
   68 |       if(0 != fcntl(0, F_SETFL, flags | O_NONBLOCK))
      |                        ^~~~~~~
C:\Study\OP\Project_OP_6\labwork6-BEE-kg\build\_deps\curl-src\CMake\CurlTests.c:68:24: note: each undeclared identifier is reported only once for each function it appears in
C:\Study\OP\Project_OP_6\labwork6-BEE-kg\build\_deps\curl-src\CMake\CurlTests.c:68:41: error: 'O_NONBLOCK' undeclared (first use in this function)
   68 |       if(0 != fcntl(0, F_SETFL, flags | O_NONBLOCK))
      |                                         ^~~~~~~~~~
mingw32-make[1]: *** [CMakeFiles\cmTC_062b4.dir\build.make:80: CMakeFiles/cmTC_062b4.dir/CurlTests.c.obj] Error 1
mingw32-make[1]: Leaving directory 'C:/Study/OP/Project_OP_6/labwork6-BEE-kg/build/CMakeFiles/CMakeTmp'
mingw32-make: *** [Makefile:132: cmTC_062b4/fast] Error 2


Performing Curl Test HAVE_IOCTLSOCKET_CAMEL failed with the following output:
Change Dir: 'C:/Study/OP/Project_OP_6/labwork6-BEE-kg/build/CMakeFiles/CMakeTmp'

Run Build Command(s): "C:/Program Files/CMake/bin/cmake.exe" -E env VERBOSE=1 C:/msys64/ucrt64/bin/mingw32-make.exe -f Makefile cmTC_764df/fast
C:/msys64/ucrt64/bin/mingw32-make.exe  -f CMakeFiles\cmTC_764df.dir\build.make CMakeFiles/cmTC_764df.dir/build
mingw32-make[1]: Entering directory 'C:/Study/OP/Project_OP_6/labwork6-BEE-kg/build/CMakeFiles/CMakeTmp'
Building C object CMakeFiles/cmTC_764df.dir/CurlTests.c.obj
C:\msys64\ucrt64\bin\gcc.exe   -pedantic -Wall -W -Wpointer-arith -Wwrite-strings -Wunused -Wshadow -Winline -Wnested-externs -Wmissing-declarations -Wmissing-prototypes -Wfloat-equal -Wsign-compare -Wundef -Wendif-labels -Wstrict-prototypes -Wdeclaration-after-statement -Wstrict-aliasing=3 -Wcast-align -Wtype-limits -Wold-style-declaration -Wmissing-parameter-type -Wempty-body -Wclobbered -Wignored-qualifiers -Wconversion -Wvla -Wdouble-promotion -Wno-long-long -Wno-multichar -Wno-format-nonliteral -Wno-sign-conversion -Wno-system-headers -Wno-pedantic-ms-format -DHAVE_IOCTLSOCKET_CAMEL  -DHAVE_WINDOWS_H -DHAVE_WS2TCPIP_H -DHAVE_WINSOCK2_H -DHAVE_WINCRYPT_H -DHAVE_STDIO_H -DHAVE_SYS_STAT_H -DHAVE_SYS_TYPES_H -DHAVE_SYS_UTIME_H -DHAVE_ASSERT_H -DHAVE_ERRNO_H -DHAVE_FCNTL_H -DHAVE_IO_H -DHAVE_LIBGEN_H -DHAVE_LOCALE_H -DHAVE_SETJMP_H -DHAVE_SIGNAL_H -DHAVE_STDBOOL_H -DHAVE_STDIO_H -DHAVE_STDLIB_H -DHAVE_STRING_H -DHAVE_TIME_H -DHAVE_PROCESS_H -DHAVE_STDDEF_H -DHAVE_MALLOC_H -DHAVE_MEMORY_H -o CMakeFiles\cmTC_764df.dir\CurlTests.c.obj -c C:\Study\OP\Project_OP_6\labwork6-BEE-kg\build\_deps\curl-src\CMake\CurlTests.c
C:\Study\OP\Project_OP_6\labwork6-BEE-kg\build\_deps\curl-src\CMake\CurlTests.c:261:1: warning: function declaration isn't a prototype [-Wstrict-prototypes]
  261 | main ()
      | ^~~~
C:\Study\OP\Project_OP_6\labwork6-BEE-kg\build\_deps\curl-src\CMake\CurlTests.c: In function 'main':
C:\Study\OP\Project_OP_6\labwork6-BEE-kg\build\_deps\curl-src\CMake\CurlTests.c:265:13: warning: implicit declaration of function 'IoctlSocket'; did you mean 'ioctlsocket'? [-Wimplicit-function-declaration]
  265 |     if(0 != IoctlSocket(0, 0, 0))
      |             ^~~~~~~~~~~
      |             ioctlsocket
C:\Study\OP\Project_OP_6\labwork6-BEE-kg\build\_deps\curl-src\CMake\CurlTests.c:265:13: warning: nested extern declaration of 'IoctlSocket' [-Wnested-externs]
Linking C executable cmTC_764df.exe
"C:\Program Files\CMake\bin\cmake.exe" -E cmake_link_script CMakeFiles\cmTC_764df.dir\link.txt --verbose=1
"C:\Program Files\CMake\bin\cmake.exe" -E rm -f CMakeFiles\cmTC_764df.dir/objects.a
C:\msys64\ucrt64\bin\ar.exe qc CMakeFiles\cmTC_764df.dir/objects.a @CMakeFiles\cmTC_764df.dir\objects1.rsp
C:\msys64\ucrt64\bin\gcc.exe  -pedantic -Wall -W -Wpointer-arith -Wwrite-strings -Wunused -Wshadow -Winline -Wnested-externs -Wmissing-declarations -Wmissing-prototypes -Wfloat-equal -Wsign-compare -Wundef -Wendif-labels -Wstrict-prototypes -Wdeclaration-after-statement -Wstrict-aliasing=3 -Wcast-align -Wtype-limits -Wold-style-declaration -Wmissing-parameter-type -Wempty-body -Wclobbered -Wignored-qualifiers -Wconversion -Wvla -Wdouble-promotion -Wno-long-long -Wno-multichar -Wno-format-nonliteral -Wno-sign-conversion -Wno-system-headers -Wno-pedantic-ms-format -DHAVE_IOCTLSOCKET_CAMEL  -DHAVE_WINDOWS_H -DHAVE_WS2TCPIP_H -DHAVE_WINSOCK2_H -DHAVE_WINCRYPT_H -DHAVE_STDIO_H -DHAVE_SYS_STAT_H -DHAVE_SYS_TYPES_H -DHAVE_SYS_UTIME_H -DHAVE_ASSERT_H -DHAVE_ERRNO_H -DHAVE_FCNTL_H -DHAVE_IO_H -DHAVE_LIBGEN_H -DHAVE_LOCALE_H -DHAVE_SETJMP_H -DHAVE_SIGNAL_H -DHAVE_STDBOOL_H -DHAVE_STDIO_H -DHAVE_STDLIB_H -DHAVE_STRING_H -DHAVE_TIME_H -DHAVE_PROCESS_H -DHAVE_STDDEF_H -DHAVE_MALLOC_H -DHAVE_MEMORY_H -Wl,--whole-archive CMakeFiles\cmTC_764df.dir/objects.a -Wl,--no-whole-archive -o cmTC_764df.exe -Wl,--out-implib,libcmTC_764df.dll.a -Wl,--major-image-version,0,--minor-image-version,0 @CMakeFiles\cmTC_764df.dir\linkLibs.rsp
C:/msys64/ucrt64/bin/../lib/gcc/x86_64-w64-mingw32/13.2.0/../../../../x86_64-w64-mingw32/bin/ld.exe: CMakeFiles\cmTC_764df.dir/objects.a(CurlTests.c.obj):CurlTests.c:(.text+0x1e): undefined reference to `IoctlSocket'
collect2.exe: error: ld returned 1 exit status
mingw32-make[1]: *** [CMakeFiles\cmTC_764df.dir\build.make:103: cmTC_764df.exe] Error 1
mingw32-make[1]: Leaving directory 'C:/Study/OP/Project_OP_6/labwork6-BEE-kg/build/CMakeFiles/CMakeTmp'
mingw32-make: *** [Makefile:132: cmTC_764df/fast] Error 2


Performing Curl Test HAVE_IOCTLSOCKET_CAMEL_FIONBIO failed with the following output:
Change Dir: 'C:/Study/OP/Project_OP_6/labwork6-BEE-kg/build/CMakeFiles/CMakeTmp'

Run Build Command(s): "C:/Program Files/CMake/bin/cmake.exe" -E env VERBOSE=1 C:/msys64/ucrt64/bin/mingw32-make.exe -f Makefile cmTC_62348/fast
C:/msys64/ucrt64/bin/mingw32-make.exe  -f CMakeFiles\cmTC_62348.dir\build.make CMakeFiles/cmTC_62348.dir/build
mingw32-make[1]: Entering directory 'C:/Study/OP/Project_OP_6/labwork6-BEE-kg/build/CMakeFiles/CMakeTmp'
Building C object CMakeFiles/cmTC_62348.dir/CurlTests.c.obj
C:\msys64\ucrt64\bin\gcc.exe   -pedantic -Wall -W -Wpointer-arith -Wwrite-strings -Wunused -Wshadow -Winline -Wnested-externs -Wmissing-declarations -Wmissing-prototypes -Wfloat-equal -Wsign-compare -Wundef -Wendif-labels -Wstrict-prototypes -Wdeclaration-after-statement -Wstrict-aliasing=3 -Wcast-align -Wtype-limits -Wold-style-declaration -Wmissing-parameter-type -Wempty-body -Wclobbered -Wignored-qualifiers -Wconversion -Wvla -Wdouble-promotion -Wno-long-long -Wno-multichar -Wno-format-nonliteral -Wno-sign-conversion -Wno-system-headers -Wno-pedantic-ms-format -DHAVE_IOCTLSOCKET_CAMEL_FIONBIO  -DHAVE_WINDOWS_H -DHAVE_WS2TCPIP_H -DHAVE_WINSOCK2_H -DHAVE_WINCRYPT_H -DHAVE_STDIO_H -DHAVE_SYS_STAT_H -DHAVE_SYS_TYPES_H -DHAVE_SYS_UTIME_H -DHAVE_ASSERT_H -DHAVE_ERRNO_H -DHAVE_FCNTL_H -DHAVE_IO_H -DHAVE_LIBGEN_H -DHAVE_LOCALE_H -DHAVE_SETJMP_H -DHAVE_SIGNAL_H -DHAVE_STDBOOL_H -DHAVE_STDIO_H -DHAVE_STDLIB_H -DHAVE_STRING_H -DHAVE_TIME_H -DHAVE_PROCESS_H -DHAVE_STDDEF_H -DHAVE_MALLOC_H -DHAVE_MEMORY_H -o CMakeFiles\cmTC_62348.dir\CurlTests.c.obj -c C:\Study\OP\Project_OP_6\labwork6-BEE-kg\build\_deps\curl-src\CMake\CurlTests.c
C:\Study\OP\Project_OP_6\labwork6-BEE-kg\build\_deps\curl-src\CMake\CurlTests.c:284:1: warning: function declaration isn't a prototype [-Wstrict-prototypes]
  284 | main ()
      | ^~~~
C:\Study\OP\Project_OP_6\labwork6-BEE-kg\build\_deps\curl-src\CMake\CurlTests.c: In function 'main':
C:\Study\OP\Project_OP_6\labwork6-BEE-kg\build\_deps\curl-src\CMake\CurlTests.c:289:17: warning: implicit declaration of function 'IoctlSocket'; did you mean 'ioctlsocket'? [-Wimplicit-function-declaration]
  289 |         if(0 != IoctlSocket(0, FIONBIO, &flags))
      |                 ^~~~~~~~~~~
      |                 ioctlsocket
C:\Study\OP\Project_OP_6\labwork6-BEE-kg\build\_deps\curl-src\CMake\CurlTests.c:289:17: warning: nested extern declaration of 'IoctlSocket' [-Wnested-externs]
Linking C executable cmTC_62348.exe
"C:\Program Files\CMake\bin\cmake.exe" -E cmake_link_script CMakeFiles\cmTC_62348.dir\link.txt --verbose=1
"C:\Program Files\CMake\bin\cmake.exe" -E rm -f CMakeFiles\cmTC_62348.dir/objects.a
C:\msys64\ucrt64\bin\ar.exe qc CMakeFiles\cmTC_62348.dir/objects.a @CMakeFiles\cmTC_62348.dir\objects1.rsp
C:\msys64\ucrt64\bin\gcc.exe  -pedantic -Wall -W -Wpointer-arith -Wwrite-strings -Wunused -Wshadow -Winline -Wnested-externs -Wmissing-declarations -Wmissing-prototypes -Wfloat-equal -Wsign-compare -Wundef -Wendif-labels -Wstrict-prototypes -Wdeclaration-after-statement -Wstrict-aliasing=3 -Wcast-align -Wtype-limits -Wold-style-declaration -Wmissing-parameter-type -Wempty-body -Wclobbered -Wignored-qualifiers -Wconversion -Wvla -Wdouble-promotion -Wno-long-long -Wno-multichar -Wno-format-nonliteral -Wno-sign-conversion -Wno-system-headers -Wno-pedantic-ms-format -DHAVE_IOCTLSOCKET_CAMEL_FIONBIO  -DHAVE_WINDOWS_H -DHAVE_WS2TCPIP_H -DHAVE_WINSOCK2_H -DHAVE_WINCRYPT_H -DHAVE_STDIO_H -DHAVE_SYS_STAT_H -DHAVE_SYS_TYPES_H -DHAVE_SYS_UTIME_H -DHAVE_ASSERT_H -DHAVE_ERRNO_H -DHAVE_FCNTL_H -DHAVE_IO_H -DHAVE_LIBGEN_H -DHAVE_LOCALE_H -DHAVE_SETJMP_H -DHAVE_SIGNAL_H -DHAVE_STDBOOL_H -DHAVE_STDIO_H -DHAVE_STDLIB_H -DHAVE_STRING_H -DHAVE_TIME_H -DHAVE_PROCESS_H -DHAVE_STDDEF_H -DHAVE_MALLOC_H -DHAVE_MEMORY_H -Wl,--whole-archive CMakeFiles\cmTC_62348.dir/objects.a -Wl,--no-whole-archive -o cmTC_62348.exe -Wl,--out-implib,libcmTC_62348.dll.a -Wl,--major-image-version,0,--minor-image-version,0 @CMakeFiles\cmTC_62348.dir\linkLibs.rsp
C:/msys64/ucrt64/bin/../lib/gcc/x86_64-w64-mingw32/13.2.0/../../../../x86_64-w64-mingw32/bin/ld.exe: CMakeFiles\cmTC_62348.dir/objects.a(CurlTests.c.obj):CurlTests.c:(.text+0x26): undefined reference to `IoctlSocket'
collect2.exe: error: ld returned 1 exit status
mingw32-make[1]: *** [CMakeFiles\cmTC_62348.dir\build.make:103: cmTC_62348.exe] Error 1
mingw32-make[1]: Leaving directory 'C:/Study/OP/Project_OP_6/labwork6-BEE-kg/build/CMakeFiles/CMakeTmp'
mingw32-make: *** [Makefile:132: cmTC_62348/fast] Error 2


Performing Curl Test HAVE_IOCTL_FIONBIO failed with the following output:
Change Dir: 'C:/Study/OP/Project_OP_6/labwork6-BEE-kg/build/CMakeFiles/CMakeTmp'

Run Build Command(s): "C:/Program Files/CMake/bin/cmake.exe" -E env VERBOSE=1 C:/msys64/ucrt64/bin/mingw32-make.exe -f Makefile cmTC_9c2b8/fast
C:/msys64/ucrt64/bin/mingw32-make.exe  -f CMakeFiles\cmTC_9c2b8.dir\build.make CMakeFiles/cmTC_9c2b8.dir/build
mingw32-make[1]: Entering directory 'C:/Study/OP/Project_OP_6/labwork6-BEE-kg/build/CMakeFiles/CMakeTmp'
Building C object CMakeFiles/cmTC_9c2b8.dir/CurlTests.c.obj
C:\msys64\ucrt64\bin\gcc.exe   -pedantic -Wall -W -Wpointer-arith -Wwrite-strings -Wunused -Wshadow -Winline -Wnested-externs -Wmissing-declarations -Wmissing-prototypes -Wfloat-equal -Wsign-compare -Wundef -Wendif-labels -Wstrict-prototypes -Wdeclaration-after-statement -Wstrict-aliasing=3 -Wcast-align -Wtype-limits -Wold-style-declaration -Wmissing-parameter-type -Wempty-body -Wclobbered -Wignored-qualifiers -Wconversion -Wvla -Wdouble-promotion -Wno-long-long -Wno-multichar -Wno-format-nonliteral -Wno-sign-conversion -Wno-system-headers -Wno-pedantic-ms-format -DHAVE_IOCTL_FIONBIO  -DHAVE_WINDOWS_H -DHAVE_WS2TCPIP_H -DHAVE_WINSOCK2_H -DHAVE_WINCRYPT_H -DHAVE_STDIO_H -DHAVE_SYS_STAT_H -DHAVE_SYS_TYPES_H -DHAVE_SYS_UTIME_H -DHAVE_ASSERT_H -DHAVE_ERRNO_H -DHAVE_FCNTL_H -DHAVE_IO_H -DHAVE_LIBGEN_H -DHAVE_LOCALE_H -DHAVE_SETJMP_H -DHAVE_SIGNAL_H -DHAVE_STDBOOL_H -DHAVE_STDIO_H -DHAVE_STDLIB_H -DHAVE_STRING_H -DHAVE_TIME_H -DHAVE_PROCESS_H -DHAVE_STDDEF_H -DHAVE_MALLOC_H -DHAVE_MEMORY_H -o CMakeFiles\cmTC_9c2b8.dir\CurlTests.c.obj -c C:\Study\OP\Project_OP_6\labwork6-BEE-kg\build\_deps\curl-src\CMake\CurlTests.c
C:\Study\OP\Project_OP_6\labwork6-BEE-kg\build\_deps\curl-src\CMake\CurlTests.c:339:1: warning: function declaration isn't a prototype [-Wstrict-prototypes]
  339 | main ()
      | ^~~~
C:\Study\OP\Project_OP_6\labwork6-BEE-kg\build\_deps\curl-src\CMake\CurlTests.c: In function 'main':
C:\Study\OP\Project_OP_6\labwork6-BEE-kg\build\_deps\curl-src\CMake\CurlTests.c:343:17: warning: implicit declaration of function 'ioctl' [-Wimplicit-function-declaration]
  343 |         if(0 != ioctl(0, FIONBIO, &flags))
      |                 ^~~~~
C:\Study\OP\Project_OP_6\labwork6-BEE-kg\build\_deps\curl-src\CMake\CurlTests.c:343:17: warning: nested extern declaration of 'ioctl' [-Wnested-externs]
C:\Study\OP\Project_OP_6\labwork6-BEE-kg\build\_deps\curl-src\CMake\CurlTests.c:343:26: error: 'FIONBIO' undeclared (first use in this function)
  343 |         if(0 != ioctl(0, FIONBIO, &flags))
      |                          ^~~~~~~
C:\Study\OP\Project_OP_6\labwork6-BEE-kg\build\_deps\curl-src\CMake\CurlTests.c:343:26: note: each undeclared identifier is reported only once for each function it appears in
mingw32-make[1]: *** [CMakeFiles\cmTC_9c2b8.dir\build.make:80: CMakeFiles/cmTC_9c2b8.dir/CurlTests.c.obj] Error 1
mingw32-make[1]: Leaving directory 'C:/Study/OP/Project_OP_6/labwork6-BEE-kg/build/CMakeFiles/CMakeTmp'
mingw32-make: *** [Makefile:132: cmTC_9c2b8/fast] Error 2


Performing Curl Test HAVE_IOCTL_SIOCGIFADDR failed with the following output:
Change Dir: 'C:/Study/OP/Project_OP_6/labwork6-BEE-kg/build/CMakeFiles/CMakeTmp'

Run Build Command(s): "C:/Program Files/CMake/bin/cmake.exe" -E env VERBOSE=1 C:/msys64/ucrt64/bin/mingw32-make.exe -f Makefile cmTC_34ce6/fast
C:/msys64/ucrt64/bin/mingw32-make.exe  -f CMakeFiles\cmTC_34ce6.dir\build.make CMakeFiles/cmTC_34ce6.dir/build
mingw32-make[1]: Entering directory 'C:/Study/OP/Project_OP_6/labwork6-BEE-kg/build/CMakeFiles/CMakeTmp'
Building C object CMakeFiles/cmTC_34ce6.dir/CurlTests.c.obj
C:\msys64\ucrt64\bin\gcc.exe   -pedantic -Wall -W -Wpointer-arith -Wwrite-strings -Wunused -Wshadow -Winline -Wnested-externs -Wmissing-declarations -Wmissing-prototypes -Wfloat-equal -Wsign-compare -Wundef -Wendif-labels -Wstrict-prototypes -Wdeclaration-after-statement -Wstrict-aliasing=3 -Wcast-align -Wtype-limits -Wold-style-declaration -Wmissing-parameter-type -Wempty-body -Wclobbered -Wignored-qualifiers -Wconversion -Wvla -Wdouble-promotion -Wno-long-long -Wno-multichar -Wno-format-nonliteral -Wno-sign-conversion -Wno-system-headers -Wno-pedantic-ms-format -DHAVE_IOCTL_SIOCGIFADDR  -DHAVE_WINDOWS_H -DHAVE_WS2TCPIP_H -DHAVE_WINSOCK2_H -DHAVE_WINCRYPT_H -DHAVE_STDIO_H -DHAVE_SYS_STAT_H -DHAVE_SYS_TYPES_H -DHAVE_SYS_UTIME_H -DHAVE_ASSERT_H -DHAVE_ERRNO_H -DHAVE_FCNTL_H -DHAVE_IO_H -DHAVE_LIBGEN_H -DHAVE_LOCALE_H -DHAVE_SETJMP_H -DHAVE_SIGNAL_H -DHAVE_STDBOOL_H -DHAVE_STDIO_H -DHAVE_STDLIB_H -DHAVE_STRING_H -DHAVE_TIME_H -DHAVE_PROCESS_H -DHAVE_STDDEF_H -DHAVE_MALLOC_H -DHAVE_MEMORY_H -o CMakeFiles\cmTC_34ce6.dir\CurlTests.c.obj -c C:\Study\OP\Project_OP_6\labwork6-BEE-kg\build\_deps\curl-src\CMake\CurlTests.c
C:\Study\OP\Project_OP_6\labwork6-BEE-kg\build\_deps\curl-src\CMake\CurlTests.c:368:10: fatal error: net/if.h: No such file or directory
  368 | #include <net/if.h>
      |          ^~~~~~~~~~
compilation terminated.
mingw32-make[1]: *** [CMakeFiles\cmTC_34ce6.dir\build.make:80: CMakeFiles/cmTC_34ce6.dir/CurlTests.c.obj] Error 1
mingw32-make[1]: Leaving directory 'C:/Study/OP/Project_OP_6/labwork6-BEE-kg/build/CMakeFiles/CMakeTmp'
mingw32-make: *** [Makefile:132: cmTC_34ce6/fast] Error 2


Performing Curl Test HAVE_SETSOCKOPT_SO_NONBLOCK failed with the following output:
Change Dir: 'C:/Study/OP/Project_OP_6/labwork6-BEE-kg/build/CMakeFiles/CMakeTmp'

Run Build Command(s): "C:/Program Files/CMake/bin/cmake.exe" -E env VERBOSE=1 C:/msys64/ucrt64/bin/mingw32-make.exe -f Makefile cmTC_4f80c/fast
C:/msys64/ucrt64/bin/mingw32-make.exe  -f CMakeFiles\cmTC_4f80c.dir\build.make CMakeFiles/cmTC_4f80c.dir/build
mingw32-make[1]: Entering directory 'C:/Study/OP/Project_OP_6/labwork6-BEE-kg/build/CMakeFiles/CMakeTmp'
Building C object CMakeFiles/cmTC_4f80c.dir/CurlTests.c.obj
C:\msys64\ucrt64\bin\gcc.exe   -pedantic -Wall -W -Wpointer-arith -Wwrite-strings -Wunused -Wshadow -Winline -Wnested-externs -Wmissing-declarations -Wmissing-prototypes -Wfloat-equal -Wsign-compare -Wundef -Wendif-labels -Wstrict-prototypes -Wdeclaration-after-statement -Wstrict-aliasing=3 -Wcast-align -Wtype-limits -Wold-style-declaration -Wmissing-parameter-type -Wempty-body -Wclobbered -Wignored-qualifiers -Wconversion -Wvla -Wdouble-promotion -Wno-long-long -Wno-multichar -Wno-format-nonliteral -Wno-sign-conversion -Wno-system-headers -Wno-pedantic-ms-format -DHAVE_SETSOCKOPT_SO_NONBLOCK  -DHAVE_WINDOWS_H -DHAVE_WS2TCPIP_H -DHAVE_WINSOCK2_H -DHAVE_WINCRYPT_H -DHAVE_STDIO_H -DHAVE_SYS_STAT_H -DHAVE_SYS_TYPES_H -DHAVE_SYS_UTIME_H -DHAVE_ASSERT_H -DHAVE_ERRNO_H -DHAVE_FCNTL_H -DHAVE_IO_H -DHAVE_LIBGEN_H -DHAVE_LOCALE_H -DHAVE_SETJMP_H -DHAVE_SIGNAL_H -DHAVE_STDBOOL_H -DHAVE_STDIO_H -DHAVE_STDLIB_H -DHAVE_STRING_H -DHAVE_TIME_H -DHAVE_PROCESS_H -DHAVE_STDDEF_H -DHAVE_MALLOC_H -DHAVE_MEMORY_H -o CMakeFiles\cmTC_4f80c.dir\CurlTests.c.obj -c C:\Study\OP\Project_OP_6\labwork6-BEE-kg\build\_deps\curl-src\CMake\CurlTests.c
C:\Study\OP\Project_OP_6\labwork6-BEE-kg\build\_deps\curl-src\CMake\CurlTests.c:402:1: warning: function declaration isn't a prototype [-Wstrict-prototypes]
  402 | main ()
      | ^~~~
C:\Study\OP\Project_OP_6\labwork6-BEE-kg\build\_deps\curl-src\CMake\CurlTests.c: In function 'main':
C:\Study\OP\Project_OP_6\labwork6-BEE-kg\build\_deps\curl-src\CMake\CurlTests.c:404:43: error: 'SO_NONBLOCK' undeclared (first use in this function)
  404 |         if(0 != setsockopt(0, SOL_SOCKET, SO_NONBLOCK, 0, 0))
      |                                           ^~~~~~~~~~~
C:\Study\OP\Project_OP_6\labwork6-BEE-kg\build\_deps\curl-src\CMake\CurlTests.c:404:43: note: each undeclared identifier is reported only once for each function it appears in
mingw32-make[1]: *** [CMakeFiles\cmTC_4f80c.dir\build.make:80: CMakeFiles/cmTC_4f80c.dir/CurlTests.c.obj] Error 1
mingw32-make[1]: Leaving directory 'C:/Study/OP/Project_OP_6/labwork6-BEE-kg/build/CMakeFiles/CMakeTmp'
mingw32-make: *** [Makefile:132: cmTC_4f80c/fast] Error 2


Performing Curl Test HAVE_SOCKADDR_IN6_SIN6_SCOPE_ID failed with the following output:
Change Dir: 'C:/Study/OP/Project_OP_6/labwork6-BEE-kg/build/CMakeFiles/CMakeTmp'

Run Build Command(s): "C:/Program Files/CMake/bin/cmake.exe" -E env VERBOSE=1 C:/msys64/ucrt64/bin/mingw32-make.exe -f Makefile cmTC_6dce0/fast
C:/msys64/ucrt64/bin/mingw32-make.exe  -f CMakeFiles\cmTC_6dce0.dir\build.make CMakeFiles/cmTC_6dce0.dir/build
mingw32-make[1]: Entering directory 'C:/Study/OP/Project_OP_6/labwork6-BEE-kg/build/CMakeFiles/CMakeTmp'
Building C object CMakeFiles/cmTC_6dce0.dir/CurlTests.c.obj
C:\msys64\ucrt64\bin\gcc.exe   -pedantic -Wall -W -Wpointer-arith -Wwrite-strings -Wunused -Wshadow -Winline -Wnested-externs -Wmissing-declarations -Wmissing-prototypes -Wfloat-equal -Wsign-compare -Wundef -Wendif-labels -Wstrict-prototypes -Wdeclaration-after-statement -Wstrict-aliasing=3 -Wcast-align -Wtype-limits -Wold-style-declaration -Wmissing-parameter-type -Wempty-body -Wclobbered -Wignored-qualifiers -Wconversion -Wvla -Wdouble-promotion -Wno-long-long -Wno-multichar -Wno-format-nonliteral -Wno-sign-conversion -Wno-system-headers -Wno-pedantic-ms-format -DHAVE_SOCKADDR_IN6_SIN6_SCOPE_ID  -DHAVE_WINDOWS_H -DHAVE_WS2TCPIP_H -DHAVE_WINSOCK2_H -DHAVE_WINCRYPT_H -DHAVE_STDIO_H -DHAVE_SYS_STAT_H -DHAVE_SYS_TYPES_H -DHAVE_SYS_UTIME_H -DHAVE_ASSERT_H -DHAVE_ERRNO_H -DHAVE_FCNTL_H -DHAVE_IO_H -DHAVE_LIBGEN_H -DHAVE_LOCALE_H -DHAVE_SETJMP_H -DHAVE_SIGNAL_H -DHAVE_STDBOOL_H -DHAVE_STDIO_H -DHAVE_STDLIB_H -DHAVE_STRING_H -DHAVE_TIME_H -DHAVE_PROCESS_H -DHAVE_STDDEF_H -DHAVE_MALLOC_H -DHAVE_MEMORY_H -o CMakeFiles\cmTC_6dce0.dir\CurlTests.c.obj -c C:\Study\OP\Project_OP_6\labwork6-BEE-kg\build\_deps\curl-src\CMake\CurlTests.c
C:\Study\OP\Project_OP_6\labwork6-BEE-kg\build\_deps\curl-src\CMake\CurlTests.c:517: warning: ISO C forbids an empty translation unit [-Wpedantic]
Linking C executable cmTC_6dce0.exe
"C:\Program Files\CMake\bin\cmake.exe" -E cmake_link_script CMakeFiles\cmTC_6dce0.dir\link.txt --verbose=1
"C:\Program Files\CMake\bin\cmake.exe" -E rm -f CMakeFiles\cmTC_6dce0.dir/objects.a
C:\msys64\ucrt64\bin\ar.exe qc CMakeFiles\cmTC_6dce0.dir/objects.a @CMakeFiles\cmTC_6dce0.dir\objects1.rsp
C:\msys64\ucrt64\bin\gcc.exe  -pedantic -Wall -W -Wpointer-arith -Wwrite-strings -Wunused -Wshadow -Winline -Wnested-externs -Wmissing-declarations -Wmissing-prototypes -Wfloat-equal -Wsign-compare -Wundef -Wendif-labels -Wstrict-prototypes -Wdeclaration-after-statement -Wstrict-aliasing=3 -Wcast-align -Wtype-limits -Wold-style-declaration -Wmissing-parameter-type -Wempty-body -Wclobbered -Wignored-qualifiers -Wconversion -Wvla -Wdouble-promotion -Wno-long-long -Wno-multichar -Wno-format-nonliteral -Wno-sign-conversion -Wno-system-headers -Wno-pedantic-ms-format -DHAVE_SOCKADDR_IN6_SIN6_SCOPE_ID  -DHAVE_WINDOWS_H -DHAVE_WS2TCPIP_H -DHAVE_WINSOCK2_H -DHAVE_WINCRYPT_H -DHAVE_STDIO_H -DHAVE_SYS_STAT_H -DHAVE_SYS_TYPES_H -DHAVE_SYS_UTIME_H -DHAVE_ASSERT_H -DHAVE_ERRNO_H -DHAVE_FCNTL_H -DHAVE_IO_H -DHAVE_LIBGEN_H -DHAVE_LOCALE_H -DHAVE_SETJMP_H -DHAVE_SIGNAL_H -DHAVE_STDBOOL_H -DHAVE_STDIO_H -DHAVE_STDLIB_H -DHAVE_STRING_H -DHAVE_TIME_H -DHAVE_PROCESS_H -DHAVE_STDDEF_H -DHAVE_MALLOC_H -DHAVE_MEMORY_H -Wl,--whole-archive CMakeFiles\cmTC_6dce0.dir/objects.a -Wl,--no-whole-archive -o cmTC_6dce0.exe -Wl,--out-implib,libcmTC_6dce0.dll.a -Wl,--major-image-version,0,--minor-image-version,0 @CMakeFiles\cmTC_6dce0.dir\linkLibs.rsp
C:/msys64/ucrt64/bin/../lib/gcc/x86_64-w64-mingw32/13.2.0/../../../../x86_64-w64-mingw32/bin/ld.exe: C:/msys64/ucrt64/bin/../lib/gcc/x86_64-w64-mingw32/13.2.0/../../../../lib/libmingw32.a(lib64_libmingw32_a-crtexewin.o): in function `main':
C:/M/B/src/mingw-w64/mingw-w64-crt/crt/crtexewin.c:67:(.text.startup+0xbd): undefined reference to `WinMain'
collect2.exe: error: ld returned 1 exit status
mingw32-make[1]: *** [CMakeFiles\cmTC_6dce0.dir\build.make:103: cmTC_6dce0.exe] Error 1
mingw32-make[1]: Leaving directory 'C:/Study/OP/Project_OP_6/labwork6-BEE-kg/build/CMakeFiles/CMakeTmp'
mingw32-make: *** [Makefile:132: cmTC_6dce0/fast] Error 2


Performing Curl Test HAVE_GLIBC_STRERROR_R failed with the following output:
Change Dir: 'C:/Study/OP/Project_OP_6/labwork6-BEE-kg/build/CMakeFiles/CMakeTmp'

Run Build Command(s): "C:/Program Files/CMake/bin/cmake.exe" -E env VERBOSE=1 C:/msys64/ucrt64/bin/mingw32-make.exe -f Makefile cmTC_93218/fast
C:/msys64/ucrt64/bin/mingw32-make.exe  -f CMakeFiles\cmTC_93218.dir\build.make CMakeFiles/cmTC_93218.dir/build
mingw32-make[1]: Entering directory 'C:/Study/OP/Project_OP_6/labwork6-BEE-kg/build/CMakeFiles/CMakeTmp'
Building C object CMakeFiles/cmTC_93218.dir/CurlTests.c.obj
C:\msys64\ucrt64\bin\gcc.exe   -pedantic -Wall -W -Wpointer-arith -Wwrite-strings -Wunused -Wshadow -Winline -Wnested-externs -Wmissing-declarations -Wmissing-prototypes -Wfloat-equal -Wsign-compare -Wundef -Wendif-labels -Wstrict-prototypes -Wdeclaration-after-statement -Wstrict-aliasing=3 -Wcast-align -Wtype-limits -Wold-style-declaration -Wmissing-parameter-type -Wempty-body -Wclobbered -Wignored-qualifiers -Wconversion -Wvla -Wdouble-promotion -Wno-long-long -Wno-multichar -Wno-format-nonliteral -Wno-sign-conversion -Wno-system-headers -Wno-pedantic-ms-format -DHAVE_GLIBC_STRERROR_R  -DHAVE_WINDOWS_H -DHAVE_WS2TCPIP_H -DHAVE_WINSOCK2_H -DHAVE_WINCRYPT_H -DHAVE_STDIO_H -DHAVE_SYS_STAT_H -DHAVE_SYS_TYPES_H -DHAVE_SYS_UTIME_H -DHAVE_ASSERT_H -DHAVE_ERRNO_H -DHAVE_FCNTL_H -DHAVE_IO_H -DHAVE_LIBGEN_H -DHAVE_LOCALE_H -DHAVE_SETJMP_H -DHAVE_SIGNAL_H -DHAVE_STDBOOL_H -DHAVE_STDIO_H -DHAVE_STDLIB_H -DHAVE_STRING_H -DHAVE_TIME_H -DHAVE_PROCESS_H -DHAVE_STDDEF_H -DHAVE_MALLOC_H -DHAVE_MEMORY_H -o CMakeFiles\cmTC_93218.dir\CurlTests.c.obj -c C:\Study\OP\Project_OP_6\labwork6-BEE-kg\build\_deps\curl-src\CMake\CurlTests.c
C:\Study\OP\Project_OP_6\labwork6-BEE-kg\build\_deps\curl-src\CMake\CurlTests.c:414:6: warning: no previous prototype for 'check' [-Wmissing-prototypes]
  414 | void check(char c) {}
      |      ^~~~~
C:\Study\OP\Project_OP_6\labwork6-BEE-kg\build\_deps\curl-src\CMake\CurlTests.c: In function 'check':
C:\Study\OP\Project_OP_6\labwork6-BEE-kg\build\_deps\curl-src\CMake\CurlTests.c:414:17: warning: unused parameter 'c' [-Wunused-parameter]
  414 | void check(char c) {}
      |            ~~~~~^
C:\Study\OP\Project_OP_6\labwork6-BEE-kg\build\_deps\curl-src\CMake\CurlTests.c: At top level:
C:\Study\OP\Project_OP_6\labwork6-BEE-kg\build\_deps\curl-src\CMake\CurlTests.c:417:1: warning: function declaration isn't a prototype [-Wstrict-prototypes]
  417 | main () {
      | ^~~~
C:\Study\OP\Project_OP_6\labwork6-BEE-kg\build\_deps\curl-src\CMake\CurlTests.c: In function 'main':
C:\Study\OP\Project_OP_6\labwork6-BEE-kg\build\_deps\curl-src\CMake\CurlTests.c:420:9: warning: implicit declaration of function 'strerror_r'; did you mean 'strerror_s'? [-Wimplicit-function-declaration]
  420 |   check(strerror_r(EACCES, buffer, sizeof(buffer))[0]);
      |         ^~~~~~~~~~
      |         strerror_s
C:\Study\OP\Project_OP_6\labwork6-BEE-kg\build\_deps\curl-src\CMake\CurlTests.c:420:9: warning: nested extern declaration of 'strerror_r' [-Wnested-externs]
C:\Study\OP\Project_OP_6\labwork6-BEE-kg\build\_deps\curl-src\CMake\CurlTests.c:420:51: error: subscripted value is neither array nor pointer nor vector
  420 |   check(strerror_r(EACCES, buffer, sizeof(buffer))[0]);
      |                                                   ^
mingw32-make[1]: *** [CMakeFiles\cmTC_93218.dir\build.make:80: CMakeFiles/cmTC_93218.dir/CurlTests.c.obj] Error 1
mingw32-make[1]: Leaving directory 'C:/Study/OP/Project_OP_6/labwork6-BEE-kg/build/CMakeFiles/CMakeTmp'
mingw32-make: *** [Makefile:132: cmTC_93218/fast] Error 2


Performing Curl Test HAVE_POSIX_STRERROR_R failed with the following output:
Change Dir: 'C:/Study/OP/Project_OP_6/labwork6-BEE-kg/build/CMakeFiles/CMakeTmp'

Run Build Command(s): "C:/Program Files/CMake/bin/cmake.exe" -E env VERBOSE=1 C:/msys64/ucrt64/bin/mingw32-make.exe -f Makefile cmTC_bd69b/fast
C:/msys64/ucrt64/bin/mingw32-make.exe  -f CMakeFiles\cmTC_bd69b.dir\build.make CMakeFiles/cmTC_bd69b.dir/build
mingw32-make[1]: Entering directory 'C:/Study/OP/Project_OP_6/labwork6-BEE-kg/build/CMakeFiles/CMakeTmp'
Building C object CMakeFiles/cmTC_bd69b.dir/CurlTests.c.obj
C:\msys64\ucrt64\bin\gcc.exe   -pedantic -Wall -W -Wpointer-arith -Wwrite-strings -Wunused -Wshadow -Winline -Wnested-externs -Wmissing-declarations -Wmissing-prototypes -Wfloat-equal -Wsign-compare -Wundef -Wendif-labels -Wstrict-prototypes -Wdeclaration-after-statement -Wstrict-aliasing=3 -Wcast-align -Wtype-limits -Wold-style-declaration -Wmissing-parameter-type -Wempty-body -Wclobbered -Wignored-qualifiers -Wconversion -Wvla -Wdouble-promotion -Wno-long-long -Wno-multichar -Wno-format-nonliteral -Wno-sign-conversion -Wno-system-headers -Wno-pedantic-ms-format -DHAVE_POSIX_STRERROR_R  -DHAVE_WINDOWS_H -DHAVE_WS2TCPIP_H -DHAVE_WINSOCK2_H -DHAVE_WINCRYPT_H -DHAVE_STDIO_H -DHAVE_SYS_STAT_H -DHAVE_SYS_TYPES_H -DHAVE_SYS_UTIME_H -DHAVE_ASSERT_H -DHAVE_ERRNO_H -DHAVE_FCNTL_H -DHAVE_IO_H -DHAVE_LIBGEN_H -DHAVE_LOCALE_H -DHAVE_SETJMP_H -DHAVE_SIGNAL_H -DHAVE_STDBOOL_H -DHAVE_STDIO_H -DHAVE_STDLIB_H -DHAVE_STRING_H -DHAVE_TIME_H -DHAVE_PROCESS_H -DHAVE_STDDEF_H -DHAVE_MALLOC_H -DHAVE_MEMORY_H -o CMakeFiles\cmTC_bd69b.dir\CurlTests.c.obj -c C:\Study\OP\Project_OP_6\labwork6-BEE-kg\build\_deps\curl-src\CMake\CurlTests.c
C:\Study\OP\Project_OP_6\labwork6-BEE-kg\build\_deps\curl-src\CMake\CurlTests.c:429:6: warning: no previous prototype for 'check' [-Wmissing-prototypes]
  429 | void check(float f) {}
      |      ^~~~~
C:\Study\OP\Project_OP_6\labwork6-BEE-kg\build\_deps\curl-src\CMake\CurlTests.c: In function 'check':
C:\Study\OP\Project_OP_6\labwork6-BEE-kg\build\_deps\curl-src\CMake\CurlTests.c:429:18: warning: unused parameter 'f' [-Wunused-parameter]
  429 | void check(float f) {}
      |            ~~~~~~^
C:\Study\OP\Project_OP_6\labwork6-BEE-kg\build\_deps\curl-src\CMake\CurlTests.c: At top level:
C:\Study\OP\Project_OP_6\labwork6-BEE-kg\build\_deps\curl-src\CMake\CurlTests.c:432:1: warning: function declaration isn't a prototype [-Wstrict-prototypes]
  432 | main () {
      | ^~~~
C:\Study\OP\Project_OP_6\labwork6-BEE-kg\build\_deps\curl-src\CMake\CurlTests.c: In function 'main':
C:\Study\OP\Project_OP_6\labwork6-BEE-kg\build\_deps\curl-src\CMake\CurlTests.c:435:9: warning: implicit declaration of function 'strerror_r'; did you mean 'strerror_s'? [-Wimplicit-function-declaration]
  435 |   check(strerror_r(EACCES, buffer, sizeof(buffer)));
      |         ^~~~~~~~~~
      |         strerror_s
C:\Study\OP\Project_OP_6\labwork6-BEE-kg\build\_deps\curl-src\CMake\CurlTests.c:435:9: warning: nested extern declaration of 'strerror_r' [-Wnested-externs]
C:\Study\OP\Project_OP_6\labwork6-BEE-kg\build\_deps\curl-src\CMake\CurlTests.c:435:9: warning: conversion from 'int' to 'float' may change value [-Wconversion]
  435 |   check(strerror_r(EACCES, buffer, sizeof(buffer)));
      |         ^~~~~~~~~~~~~~~~~~~~~~~~~~~~~~~~~~~~~~~~~~
Linking C executable cmTC_bd69b.exe
"C:\Program Files\CMake\bin\cmake.exe" -E cmake_link_script CMakeFiles\cmTC_bd69b.dir\link.txt --verbose=1
"C:\Program Files\CMake\bin\cmake.exe" -E rm -f CMakeFiles\cmTC_bd69b.dir/objects.a
C:\msys64\ucrt64\bin\ar.exe qc CMakeFiles\cmTC_bd69b.dir/objects.a @CMakeFiles\cmTC_bd69b.dir\objects1.rsp
C:\msys64\ucrt64\bin\gcc.exe  -pedantic -Wall -W -Wpointer-arith -Wwrite-strings -Wunused -Wshadow -Winline -Wnested-externs -Wmissing-declarations -Wmissing-prototypes -Wfloat-equal -Wsign-compare -Wundef -Wendif-labels -Wstrict-prototypes -Wdeclaration-after-statement -Wstrict-aliasing=3 -Wcast-align -Wtype-limits -Wold-style-declaration -Wmissing-parameter-type -Wempty-body -Wclobbered -Wignored-qualifiers -Wconversion -Wvla -Wdouble-promotion -Wno-long-long -Wno-multichar -Wno-format-nonliteral -Wno-sign-conversion -Wno-system-headers -Wno-pedantic-ms-format -DHAVE_POSIX_STRERROR_R  -DHAVE_WINDOWS_H -DHAVE_WS2TCPIP_H -DHAVE_WINSOCK2_H -DHAVE_WINCRYPT_H -DHAVE_STDIO_H -DHAVE_SYS_STAT_H -DHAVE_SYS_TYPES_H -DHAVE_SYS_UTIME_H -DHAVE_ASSERT_H -DHAVE_ERRNO_H -DHAVE_FCNTL_H -DHAVE_IO_H -DHAVE_LIBGEN_H -DHAVE_LOCALE_H -DHAVE_SETJMP_H -DHAVE_SIGNAL_H -DHAVE_STDBOOL_H -DHAVE_STDIO_H -DHAVE_STDLIB_H -DHAVE_STRING_H -DHAVE_TIME_H -DHAVE_PROCESS_H -DHAVE_STDDEF_H -DHAVE_MALLOC_H -DHAVE_MEMORY_H -Wl,--whole-archive CMakeFiles\cmTC_bd69b.dir/objects.a -Wl,--no-whole-archive -o cmTC_bd69b.exe -Wl,--out-implib,libcmTC_bd69b.dll.a -Wl,--major-image-version,0,--minor-image-version,0 @CMakeFiles\cmTC_bd69b.dir\linkLibs.rsp
C:/msys64/ucrt64/bin/../lib/gcc/x86_64-w64-mingw32/13.2.0/../../../../x86_64-w64-mingw32/bin/ld.exe: CMakeFiles\cmTC_bd69b.dir/objects.a(CurlTests.c.obj):CurlTests.c:(.text+0x34): undefined reference to `strerror_r'
collect2.exe: error: ld returned 1 exit status
mingw32-make[1]: *** [CMakeFiles\cmTC_bd69b.dir\build.make:103: cmTC_bd69b.exe] Error 1
mingw32-make[1]: Leaving directory 'C:/Study/OP/Project_OP_6/labwork6-BEE-kg/build/CMakeFiles/CMakeTmp'
mingw32-make: *** [Makefile:132: cmTC_bd69b/fast] Error 2


Performing Curl Test HAVE_BUILTIN_AVAILABLE failed with the following output:
Change Dir: 'C:/Study/OP/Project_OP_6/labwork6-BEE-kg/build/CMakeFiles/CMakeTmp'

Run Build Command(s): "C:/Program Files/CMake/bin/cmake.exe" -E env VERBOSE=1 C:/msys64/ucrt64/bin/mingw32-make.exe -f Makefile cmTC_843a6/fast
C:/msys64/ucrt64/bin/mingw32-make.exe  -f CMakeFiles\cmTC_843a6.dir\build.make CMakeFiles/cmTC_843a6.dir/build
mingw32-make[1]: Entering directory 'C:/Study/OP/Project_OP_6/labwork6-BEE-kg/build/CMakeFiles/CMakeTmp'
Building C object CMakeFiles/cmTC_843a6.dir/CurlTests.c.obj
C:\msys64\ucrt64\bin\gcc.exe   -pedantic -Wall -W -Wpointer-arith -Wwrite-strings -Wunused -Wshadow -Winline -Wnested-externs -Wmissing-declarations -Wmissing-prototypes -Wfloat-equal -Wsign-compare -Wundef -Wendif-labels -Wstrict-prototypes -Wdeclaration-after-statement -Wstrict-aliasing=3 -Wcast-align -Wtype-limits -Wold-style-declaration -Wmissing-parameter-type -Wempty-body -Wclobbered -Wignored-qualifiers -Wconversion -Wvla -Wdouble-promotion -Wno-long-long -Wno-multichar -Wno-format-nonliteral -Wno-sign-conversion -Wno-system-headers -Wno-pedantic-ms-format -DHAVE_BUILTIN_AVAILABLE  -DHAVE_WINDOWS_H -DHAVE_WS2TCPIP_H -DHAVE_WINSOCK2_H -DHAVE_WINCRYPT_H -DHAVE_STDIO_H -DHAVE_SYS_STAT_H -DHAVE_SYS_TYPES_H -DHAVE_SYS_UTIME_H -DHAVE_ASSERT_H -DHAVE_ERRNO_H -DHAVE_FCNTL_H -DHAVE_IO_H -DHAVE_LIBGEN_H -DHAVE_LOCALE_H -DHAVE_SETJMP_H -DHAVE_SIGNAL_H -DHAVE_STDBOOL_H -DHAVE_STDIO_H -DHAVE_STDLIB_H -DHAVE_STRING_H -DHAVE_TIME_H -DHAVE_PROCESS_H -DHAVE_STDDEF_H -DHAVE_MALLOC_H -DHAVE_MEMORY_H -o CMakeFiles\cmTC_843a6.dir\CurlTests.c.obj -c C:\Study\OP\Project_OP_6\labwork6-BEE-kg\build\_deps\curl-src\CMake\CurlTests.c
C:\Study\OP\Project_OP_6\labwork6-BEE-kg\build\_deps\curl-src\CMake\CurlTests.c:466:1: warning: function declaration isn't a prototype [-Wstrict-prototypes]
  466 | main() {
      | ^~~~
C:\Study\OP\Project_OP_6\labwork6-BEE-kg\build\_deps\curl-src\CMake\CurlTests.c: In function 'main':
C:\Study\OP\Project_OP_6\labwork6-BEE-kg\build\_deps\curl-src\CMake\CurlTests.c:467:6: warning: implicit declaration of function '__builtin_available'; did you mean '__builtin_scalbl'? [-Wimplicit-function-declaration]
  467 |   if(__builtin_available(macOS 10.12, *)) {}
      |      ^~~~~~~~~~~~~~~~~~~
      |      __builtin_scalbl
C:\Study\OP\Project_OP_6\labwork6-BEE-kg\build\_deps\curl-src\CMake\CurlTests.c:467:6: warning: nested extern declaration of '__builtin_available' [-Wnested-externs]
C:\Study\OP\Project_OP_6\labwork6-BEE-kg\build\_deps\curl-src\CMake\CurlTests.c:467:26: error: 'macOS' undeclared (first use in this function)
  467 |   if(__builtin_available(macOS 10.12, *)) {}
      |                          ^~~~~
C:\Study\OP\Project_OP_6\labwork6-BEE-kg\build\_deps\curl-src\CMake\CurlTests.c:467:26: note: each undeclared identifier is reported only once for each function it appears in
C:\Study\OP\Project_OP_6\labwork6-BEE-kg\build\_deps\curl-src\CMake\CurlTests.c:467:31: error: expected ')' before numeric constant
  467 |   if(__builtin_available(macOS 10.12, *)) {}
      |                         ~     ^~~~~~
      |                               )
mingw32-make[1]: *** [CMakeFiles\cmTC_843a6.dir\build.make:80: CMakeFiles/cmTC_843a6.dir/CurlTests.c.obj] Error 1
mingw32-make[1]: Leaving directory 'C:/Study/OP/Project_OP_6/labwork6-BEE-kg/build/CMakeFiles/CMakeTmp'
mingw32-make: *** [Makefile:132: cmTC_843a6/fast] Error 2


